Copyright 1986-2019 Xilinx, Inc. All Rights Reserved.
----------------------------------------------------------------------------------------------------------------------------------------------------------------------------
| Tool Version     : Vivado v.2019.1 (win64) Build 2552052 Fri May 24 14:49:42 MDT 2019
| Date             : Sat Dec  7 19:56:57 2019
| Host             : DESKTOP-5DFT9M2 running 64-bit major release  (build 9200)
| Command          : report_power -file track_init_control_power_routed.rpt -pb track_init_control_power_summary_routed.pb -rpx track_init_control_power_routed.rpx
| Design           : track_init_control
| Device           : xc7a100tcsg324-3
| Design State     : routed
| Grade            : extended
| Process          : typical
| Characterization : Production
----------------------------------------------------------------------------------------------------------------------------------------------------------------------------

Power Report

Table of Contents
-----------------
1. Summary
1.1 On-Chip Components
1.2 Power Supply Summary
1.3 Confidence Level
2. Settings
2.1 Environment
2.2 Clock Constraints
3. Detailed Reports
3.1 By Hierarchy

1. Summary
----------

+--------------------------+--------------+
| Total On-Chip Power (W)  | 0.280        |
| Design Power Budget (W)  | Unspecified* |
| Power Budget Margin (W)  | NA           |
| Dynamic (W)              | 0.182        |
| Device Static (W)        | 0.098        |
| Effective TJA (C/W)      | 4.6          |
| Max Ambient (C)          | 98.7         |
| Junction Temperature (C) | 26.3         |
| Confidence Level         | Low          |
| Setting File             | ---          |
| Simulation Activity File | ---          |
| Design Nets Matched      | NA           |
+--------------------------+--------------+
* Specify Design Power Budget using, set_operating_conditions -design_power_budget <value in Watts>


1.1 On-Chip Components
----------------------

+-------------------------+-----------+----------+-----------+-----------------+
| On-Chip                 | Power (W) | Used     | Available | Utilization (%) |
+-------------------------+-----------+----------+-----------+-----------------+
| Clocks                  |     0.021 |        5 |       --- |             --- |
| Slice Logic             |    <0.001 |    16637 |       --- |             --- |
|   LUT as Logic          |    <0.001 |     5289 |     63400 |            8.34 |
|   Register              |    <0.001 |     7186 |    126800 |            5.67 |
|   CARRY4                |    <0.001 |     1396 |     15850 |            8.81 |
|   BUFG                  |    <0.001 |        2 |        32 |            6.25 |
|   Others                |     0.000 |     2525 |       --- |             --- |
|   F7/F8 Muxes           |     0.000 |        5 |     63400 |           <0.01 |
|   LUT as Shift Register |     0.000 |       36 |     19000 |            0.19 |
| Signals                 |     0.001 |     9162 |       --- |             --- |
| Block RAM               |     0.018 |       16 |       135 |           11.85 |
| MMCM                    |     0.122 |        1 |         6 |           16.67 |
| DSPs                    |     0.000 |        2 |       240 |            0.83 |
| I/O                     |     0.019 |       87 |       210 |           41.43 |
| Static Power            |     0.098 |          |           |                 |
| Total                   |     0.280 |          |           |                 |
+-------------------------+-----------+----------+-----------+-----------------+


1.2 Power Supply Summary
------------------------

+-----------+-------------+-----------+-------------+------------+
| Source    | Voltage (V) | Total (A) | Dynamic (A) | Static (A) |
+-----------+-------------+-----------+-------------+------------+
| Vccint    |       1.000 |     0.055 |       0.039 |      0.016 |
| Vccaux    |       1.800 |     0.086 |       0.068 |      0.018 |
| Vcco33    |       3.300 |     0.009 |       0.005 |      0.004 |
| Vcco25    |       2.500 |     0.000 |       0.000 |      0.000 |
| Vcco18    |       1.800 |     0.000 |       0.000 |      0.000 |
| Vcco15    |       1.500 |     0.000 |       0.000 |      0.000 |
| Vcco135   |       1.350 |     0.000 |       0.000 |      0.000 |
| Vcco12    |       1.200 |     0.000 |       0.000 |      0.000 |
| Vccaux_io |       1.800 |     0.000 |       0.000 |      0.000 |
| Vccbram   |       1.000 |     0.002 |       0.002 |      0.000 |
| MGTAVcc   |       1.000 |     0.000 |       0.000 |      0.000 |
| MGTAVtt   |       1.200 |     0.000 |       0.000 |      0.000 |
| Vccadc    |       1.800 |     0.020 |       0.000 |      0.020 |
+-----------+-------------+-----------+-------------+------------+


1.3 Confidence Level
--------------------

+-----------------------------+------------+--------------------------------------------------------+------------------------------------------------------------------------------------------------------------+
| User Input Data             | Confidence | Details                                                | Action                                                                                                     |
+-----------------------------+------------+--------------------------------------------------------+------------------------------------------------------------------------------------------------------------+
| Design implementation state | High       | Design is routed                                       |                                                                                                            |
| Clock nodes activity        | High       | User specified more than 95% of clocks                 |                                                                                                            |
| I/O nodes activity          | Low        | More than 75% of inputs are missing user specification | Provide missing input activity with simulation results or by editing the "By Resource Type -> I/Os" view   |
| Internal nodes activity     | Medium     | User specified less than 25% of internal nodes         | Provide missing internal nodes activity with simulation results or by editing the "By Resource Type" views |
| Device models               | High       | Device models are Production                           |                                                                                                            |
|                             |            |                                                        |                                                                                                            |
| Overall confidence level    | Low        |                                                        |                                                                                                            |
+-----------------------------+------------+--------------------------------------------------------+------------------------------------------------------------------------------------------------------------+


2. Settings
-----------

2.1 Environment
---------------

+-----------------------+--------------------------+
| Ambient Temp (C)      | 25.0                     |
| ThetaJA (C/W)         | 4.6                      |
| Airflow (LFM)         | 250                      |
| Heat Sink             | medium (Medium Profile)  |
| ThetaSA (C/W)         | 4.6                      |
| Board Selection       | medium (10"x10")         |
| # of Board Layers     | 12to15 (12 to 15 Layers) |
| Board Temperature (C) | 25.0                     |
+-----------------------+--------------------------+


2.2 Clock Constraints
---------------------

+--------------------+-------------------------------+-----------------+
| Clock              | Domain                        | Constraint (ns) |
+--------------------+-------------------------------+-----------------+
| clk_out1_clk_wiz_0 | clkdivider/clk_out1_clk_wiz_0 |            15.4 |
| clkfbout_clk_wiz_0 | clkdivider/clkfbout_clk_wiz_0 |            50.0 |
| sys_clk_pin        | clk_100mhz                    |            10.0 |
+--------------------+-------------------------------+-----------------+


3. Detailed Reports
-------------------

3.1 By Hierarchy
----------------

+------------------------+-----------+
| Name                   | Power (W) |
+------------------------+-----------+
| track_init_control     |     0.182 |
|   clkdivider           |     0.122 |
|   initializer          |     0.001 |
|   jojos_bram           |     0.018 |
|     U0                 |     0.018 |
|       inst_blk_mem_gen |     0.018 |
|   my_tracker           |     0.020 |
|     center_xx          |     0.003 |
|       U0               |     0.003 |
|     center_yy          |     0.003 |
|       U0               |     0.003 |
|     goal_px            |     0.003 |
|       hue1             |     0.001 |
|       hue2             |     0.002 |
|     square_xx          |     0.005 |
|       U0               |     0.005 |
|     uut                |     0.001 |
|       U0               |     0.001 |
|     x                  |     0.004 |
|       hue1             |     0.001 |
|       hue2             |     0.002 |
+------------------------+-----------+


