#-----------------------------------------------------------
# Vivado v2019.1 (64-bit)
# SW Build 2552052 on Fri May 24 14:49:42 MDT 2019
# IP Build 2548770 on Fri May 24 18:01:18 MDT 2019
# Start of session at: Mon Nov 25 19:38:01 2019
# Process ID: 15792
# Current directory: C:/Users/Owner/OneDrive/pic/Documents/GitHub/chasebot/camera
# Command line: vivado.exe -gui_launcher_event rodinguilauncherevent14800 C:\Users\Owner\OneDrive\pic\Documents\GitHub\chasebot\camera\camera.xpr
# Log file: C:/Users/Owner/OneDrive/pic/Documents/GitHub/chasebot/camera/vivado.log
# Journal file: C:/Users/Owner/OneDrive/pic/Documents/GitHub/chasebot/camera\vivado.jou
#-----------------------------------------------------------
start_gui
open_project C:/Users/Owner/OneDrive/pic/Documents/GitHub/chasebot/camera/camera.xpr
Scanning sources...
Finished scanning sources
INFO: [IP_Flow 19-234] Refreshing IP repositories
INFO: [IP_Flow 19-1704] No user IP repositories specified
INFO: [IP_Flow 19-2313] Loaded Vivado IP repository 'C:/Xilinx/Vivado/2019.1/data/ip'.
open_project: Time (s): cpu = 00:00:25 ; elapsed = 00:00:14 . Memory (MB): peak = 818.090 ; gain = 188.121
update_compile_order -fileset sources_1
reset_run synth_1
launch_runs impl_1 -to_step write_bitstream -jobs 4
[Mon Nov 25 19:54:19 2019] Launched synth_1...
Run output will be captured here: C:/Users/Owner/OneDrive/pic/Documents/GitHub/chasebot/camera/camera.runs/synth_1/runme.log
[Mon Nov 25 19:54:19 2019] Launched impl_1...
Run output will be captured here: C:/Users/Owner/OneDrive/pic/Documents/GitHub/chasebot/camera/camera.runs/impl_1/runme.log
launch_runs: Time (s): cpu = 00:00:02 ; elapsed = 00:00:46 . Memory (MB): peak = 898.328 ; gain = 0.395
export_ip_user_files -of_objects  [get_files C:/Users/Owner/OneDrive/pic/Documents/GitHub/chasebot/camera/camera.srcs/sources_1/new/blob.sv] -no_script -reset -force -quiet
remove_files  C:/Users/Owner/OneDrive/pic/Documents/GitHub/chasebot/camera/camera.srcs/sources_1/new/blob.sv
reset_run synth_1
launch_runs impl_1 -to_step write_bitstream -jobs 4
[Mon Nov 25 19:55:52 2019] Launched synth_1...
Run output will be captured here: C:/Users/Owner/OneDrive/pic/Documents/GitHub/chasebot/camera/camera.runs/synth_1/runme.log
[Mon Nov 25 19:55:52 2019] Launched impl_1...
Run output will be captured here: C:/Users/Owner/OneDrive/pic/Documents/GitHub/chasebot/camera/camera.runs/impl_1/runme.log
launch_runs: Time (s): cpu = 00:00:01 ; elapsed = 00:00:13 . Memory (MB): peak = 933.172 ; gain = 0.488
reset_run synth_1
launch_runs impl_1 -to_step write_bitstream -jobs 4
[Mon Nov 25 19:57:08 2019] Launched synth_1...
Run output will be captured here: C:/Users/Owner/OneDrive/pic/Documents/GitHub/chasebot/camera/camera.runs/synth_1/runme.log
[Mon Nov 25 19:57:08 2019] Launched impl_1...
Run output will be captured here: C:/Users/Owner/OneDrive/pic/Documents/GitHub/chasebot/camera/camera.runs/impl_1/runme.log
launch_runs: Time (s): cpu = 00:00:01 ; elapsed = 00:00:22 . Memory (MB): peak = 977.883 ; gain = 0.000
update_compile_order -fileset sources_1
launch_simulation
INFO: [Vivado 12-5698] Checking validity of IPs in the design for the 'XSim' simulator...
INFO: [Vivado 12-5682] Launching behavioral simulation in 'C:/Users/Owner/OneDrive/pic/Documents/GitHub/chasebot/camera/camera.sim/sim_1/behav/xsim'
INFO: [Vivado 12-4795] Using compiled simulation libraries for IPs
INFO: [SIM-utils-51] Simulation object is 'sim_1'
INFO: [USF-XSim-7] Finding pre-compiled libraries...
INFO: [USF-XSim-11] File 'C:/Xilinx/Vivado/2019.1/data/xsim/xsim.ini' copied to run dir:'C:/Users/Owner/OneDrive/pic/Documents/GitHub/chasebot/camera/camera.sim/sim_1/behav/xsim'
INFO: [SIM-utils-54] Inspecting design source files for 'rgb2hsv_tb' in fileset 'sim_1'...
INFO: [USF-XSim-97] Finding global include files...
INFO: [USF-XSim-98] Fetching design files from 'sim_1'...
INFO: [USF-XSim-2] XSim::Compile design
INFO: [USF-XSim-61] Executing 'COMPILE and ANALYZE' step in 'C:/Users/Owner/OneDrive/pic/Documents/GitHub/chasebot/camera/camera.sim/sim_1/behav/xsim'
"xvlog --incr --relax -prj rgb2hsv_tb_vlog.prj"
INFO: [VRFC 10-2263] Analyzing Verilog file "C:/Users/Owner/OneDrive/pic/Documents/GitHub/chasebot/camera/camera.srcs/sources_1/new/divider.v" into library xil_defaultlib
INFO: [VRFC 10-311] analyzing module divider
INFO: [VRFC 10-2263] Analyzing Verilog file "C:/Users/Owner/OneDrive/pic/Documents/GitHub/chasebot/camera/camera.srcs/sources_1/new/rgb2hsv.v" into library xil_defaultlib
INFO: [VRFC 10-311] analyzing module rgb2hsv
INFO: [VRFC 10-2263] Analyzing SystemVerilog file "C:/Users/Owner/OneDrive/pic/Documents/GitHub/chasebot/camera/camera.srcs/sim_1/new/rgb2hsv_tb.sv" into library xil_defaultlib
INFO: [VRFC 10-311] analyzing module rgb2hsv_tb
INFO: [USF-XSim-69] 'compile' step finished in '3' seconds
INFO: [USF-XSim-3] XSim::Elaborate design
INFO: [USF-XSim-61] Executing 'ELABORATE' step in 'C:/Users/Owner/OneDrive/pic/Documents/GitHub/chasebot/camera/camera.sim/sim_1/behav/xsim'
"xelab -wto 0ccf8957c4ee434381cc0d15f5574ec9 --incr --debug typical --relax --mt 2 -L xil_defaultlib -L unisims_ver -L unimacro_ver -L secureip -L xpm --snapshot rgb2hsv_tb_behav xil_defaultlib.rgb2hsv_tb xil_defaultlib.glbl -log elaborate.log"
Vivado Simulator 2019.1
Copyright 1986-1999, 2001-2019 Xilinx, Inc. All Rights Reserved.
Running: C:/Xilinx/Vivado/2019.1/bin/unwrapped/win64.o/xelab.exe -wto 0ccf8957c4ee434381cc0d15f5574ec9 --incr --debug typical --relax --mt 2 -L xil_defaultlib -L unisims_ver -L unimacro_ver -L secureip -L xpm --snapshot rgb2hsv_tb_behav xil_defaultlib.rgb2hsv_tb xil_defaultlib.glbl -log elaborate.log 
Using 2 slave threads.
Starting static elaboration
WARNING: [VRFC 10-3091] actual bit length 32 differs from formal bit length 1 for port 'sign' [C:/Users/Owner/OneDrive/pic/Documents/GitHub/chasebot/camera/camera.srcs/sources_1/new/rgb2hsv.v:55]
WARNING: [VRFC 10-3091] actual bit length 32 differs from formal bit length 1 for port 'start' [C:/Users/Owner/OneDrive/pic/Documents/GitHub/chasebot/camera/camera.srcs/sources_1/new/rgb2hsv.v:56]
WARNING: [VRFC 10-3091] actual bit length 16 differs from formal bit length 8 for port 'dividend' [C:/Users/Owner/OneDrive/pic/Documents/GitHub/chasebot/camera/camera.srcs/sources_1/new/rgb2hsv.v:57]
WARNING: [VRFC 10-3091] actual bit length 16 differs from formal bit length 8 for port 'divider' [C:/Users/Owner/OneDrive/pic/Documents/GitHub/chasebot/camera/camera.srcs/sources_1/new/rgb2hsv.v:58]
WARNING: [VRFC 10-3091] actual bit length 16 differs from formal bit length 8 for port 'quotient' [C:/Users/Owner/OneDrive/pic/Documents/GitHub/chasebot/camera/camera.srcs/sources_1/new/rgb2hsv.v:59]
WARNING: [VRFC 10-3091] actual bit length 16 differs from formal bit length 8 for port 'remainder' [C:/Users/Owner/OneDrive/pic/Documents/GitHub/chasebot/camera/camera.srcs/sources_1/new/rgb2hsv.v:63]
WARNING: [VRFC 10-3091] actual bit length 32 differs from formal bit length 1 for port 'start' [C:/Users/Owner/OneDrive/pic/Documents/GitHub/chasebot/camera/camera.srcs/sources_1/new/rgb2hsv.v:68]
WARNING: [VRFC 10-3091] actual bit length 16 differs from formal bit length 8 for port 'dividend' [C:/Users/Owner/OneDrive/pic/Documents/GitHub/chasebot/camera/camera.srcs/sources_1/new/rgb2hsv.v:69]
WARNING: [VRFC 10-3091] actual bit length 16 differs from formal bit length 8 for port 'divider' [C:/Users/Owner/OneDrive/pic/Documents/GitHub/chasebot/camera/camera.srcs/sources_1/new/rgb2hsv.v:70]
WARNING: [VRFC 10-3091] actual bit length 16 differs from formal bit length 8 for port 'quotient' [C:/Users/Owner/OneDrive/pic/Documents/GitHub/chasebot/camera/camera.srcs/sources_1/new/rgb2hsv.v:71]
WARNING: [VRFC 10-3091] actual bit length 16 differs from formal bit length 8 for port 'remainder' [C:/Users/Owner/OneDrive/pic/Documents/GitHub/chasebot/camera/camera.srcs/sources_1/new/rgb2hsv.v:72]
Completed static elaboration
Starting simulation data flow analysis
WARNING: [XSIM 43-4099] "C:/Users/Owner/OneDrive/pic/Documents/GitHub/chasebot/camera/camera.srcs/sources_1/new/divider.v" Line 12. Module divider doesn't have a timescale but at least one module in design has a timescale.
WARNING: [XSIM 43-4099] "C:/Users/Owner/OneDrive/pic/Documents/GitHub/chasebot/camera/camera.srcs/sources_1/new/divider.v" Line 12. Module divider doesn't have a timescale but at least one module in design has a timescale.
Completed simulation data flow analysis
Time Resolution for simulation is 1ps
Compiling module xil_defaultlib.divider
Compiling module xil_defaultlib.rgb2hsv
Compiling module xil_defaultlib.rgb2hsv_tb
Compiling module xil_defaultlib.glbl
Built simulation snapshot rgb2hsv_tb_behav

****** Webtalk v2019.1 (64-bit)
  **** SW Build 2552052 on Fri May 24 14:49:42 MDT 2019
  **** IP Build 2548770 on Fri May 24 18:01:18 MDT 2019
    ** Copyright 1986-2019 Xilinx, Inc. All Rights Reserved.

source C:/Users/Owner/OneDrive/pic/Documents/GitHub/chasebot/camera/camera.sim/sim_1/behav/xsim/xsim.dir/rgb2hsv_tb_behav/webtalk/xsim_webtalk.tcl -notrace
INFO: [Common 17-186] 'C:/Users/Owner/OneDrive/pic/Documents/GitHub/chasebot/camera/camera.sim/sim_1/behav/xsim/xsim.dir/rgb2hsv_tb_behav/webtalk/usage_statistics_ext_xsim.xml' has been successfully sent to Xilinx on Mon Nov 25 20:00:06 2019. For additional details about this file, please refer to the WebTalk help file at C:/Xilinx/Vivado/2019.1/doc/webtalk_introduction.html.
INFO: [Common 17-206] Exiting Webtalk at Mon Nov 25 20:00:06 2019...
run_program: Time (s): cpu = 00:00:00 ; elapsed = 00:00:10 . Memory (MB): peak = 977.883 ; gain = 0.000
INFO: [USF-XSim-69] 'elaborate' step finished in '9' seconds
INFO: [USF-XSim-4] XSim::Simulate design
INFO: [USF-XSim-61] Executing 'SIMULATE' step in 'C:/Users/Owner/OneDrive/pic/Documents/GitHub/chasebot/camera/camera.sim/sim_1/behav/xsim'
INFO: [USF-XSim-98] *** Running xsim
   with args "rgb2hsv_tb_behav -key {Behavioral:sim_1:Functional:rgb2hsv_tb} -tclbatch {rgb2hsv_tb.tcl} -view {C:/Users/Owner/OneDrive/pic/Documents/GitHub/chasebot/camera/rgb2hsv_tb_behav.wcfg} -log {simulate.log}"
INFO: [USF-XSim-8] Loading simulator feature
Vivado Simulator 2019.1
Time resolution is 1 ps
open_wave_config C:/Users/Owner/OneDrive/pic/Documents/GitHub/chasebot/camera/rgb2hsv_tb_behav.wcfg
WARNING: Simulation object /d_tf/clk was not found in the design.
WARNING: Simulation object /d_tf/sign was not found in the design.
WARNING: Simulation object /d_tf/start was not found in the design.
WARNING: Simulation object /d_tf/dividend was not found in the design.
WARNING: Simulation object /d_tf/divider was not found in the design.
WARNING: Simulation object /d_tf/quotient was not found in the design.
WARNING: Simulation object /d_tf/remainder was not found in the design.
WARNING: Simulation object /d_tf/ready was not found in the design.
source rgb2hsv_tb.tcl
# set curr_wave [current_wave_config]
# if { [string length $curr_wave] == 0 } {
#   if { [llength [get_objects]] > 0} {
#     add_wave /
#     set_property needs_save false [current_wave_config]
#   } else {
#      send_msg_id Add_Wave-1 WARNING "No top level signals found. Simulator will start without a wave window. If you want to open a wave window go to 'File->New Waveform Configuration' or type 'create_wave_config' in the TCL console."
#   }
# }
# run 1ms
INFO: [USF-XSim-96] XSim completed. Design snapshot 'rgb2hsv_tb_behav' loaded.
INFO: [USF-XSim-97] XSim simulation ran for 1ms
launch_simulation: Time (s): cpu = 00:00:08 ; elapsed = 00:00:51 . Memory (MB): peak = 977.883 ; gain = 0.000
open_hw
connect_hw_server
INFO: [Labtools 27-2285] Connecting to hw_server url TCP:localhost:3121
INFO: [Labtools 27-2222] Launching hw_server...
INFO: [Labtools 27-2221] Launch Output:

****** Xilinx hw_server v2019.1
  **** Build date : May 24 2019 at 15:13:31
    ** Copyright 1986-2019 Xilinx, Inc. All Rights Reserved.


open_hw_target
INFO: [Labtoolstcl 44-466] Opening hw_target localhost:3121/xilinx_tcf/Digilent/210292645910A
set_property PROGRAM.FILE {C:/Users/Owner/OneDrive/pic/Documents/GitHub/chasebot/camera/camera.runs/impl_1/top_level.bit} [get_hw_devices xc7a100t_0]
current_hw_device [get_hw_devices xc7a100t_0]
refresh_hw_device -update_hw_probes false [lindex [get_hw_devices xc7a100t_0] 0]
INFO: [Labtools 27-1434] Device xc7a100t (JTAG device index = 0) is programmed with a design that has no supported debug core(s) in it.
set_property PROBES.FILE {} [get_hw_devices xc7a100t_0]
set_property FULL_PROBES.FILE {} [get_hw_devices xc7a100t_0]
set_property PROGRAM.FILE {C:/Users/Owner/OneDrive/pic/Documents/GitHub/chasebot/camera/camera.runs/impl_1/top_level.bit} [get_hw_devices xc7a100t_0]
program_hw_devices [get_hw_devices xc7a100t_0]
INFO: [Labtools 27-3164] End of startup status: HIGH
refresh_hw_device [lindex [get_hw_devices xc7a100t_0] 0]
INFO: [Labtools 27-1434] Device xc7a100t (JTAG device index = 0) is programmed with a design that has no supported debug core(s) in it.
ERROR: [Labtoolstcl 44-513] HW Target shutdown. Closing target: localhost:3121/xilinx_tcf/Digilent/210292645910A
INFO: [Labtoolstcl 44-466] Opening hw_target localhost:3121/xilinx_tcf/Digilent/210292645910A
INFO: [Labtools 27-1434] Device xc7a100t (JTAG device index = 0) is programmed with a design that has no supported debug core(s) in it.
WARNING: [Labtoolstcl 44-129] No matching hw_ila_data was found.
close_sim
INFO: [Simtcl 6-16] Simulation closed
close_sim: Time (s): cpu = 00:00:00 ; elapsed = 00:00:06 . Memory (MB): peak = 2163.246 ; gain = 0.000
exit
INFO: [Common 17-206] Exiting Vivado at Mon Nov 25 20:06:36 2019...
