#-----------------------------------------------------------
# Vivado v2019.1 (64-bit)
# SW Build 2552052 on Fri May 24 14:49:42 MDT 2019
# IP Build 2548770 on Fri May 24 18:01:18 MDT 2019
# Start of session at: Fri Nov 22 23:24:52 2019
# Process ID: 11468
# Current directory: C:/Users/Owner/OneDrive/pic/Documents/GitHub/chasebot/camera
# Command line: vivado.exe -gui_launcher_event rodinguilauncherevent1040 C:\Users\Owner\OneDrive\pic\Documents\GitHub\chasebot\camera\camera.xpr
# Log file: C:/Users/Owner/OneDrive/pic/Documents/GitHub/chasebot/camera/vivado.log
# Journal file: C:/Users/Owner/OneDrive/pic/Documents/GitHub/chasebot/camera\vivado.jou
#-----------------------------------------------------------
start_gui
open_project C:/Users/Owner/OneDrive/pic/Documents/GitHub/chasebot/camera/camera.xpr
Scanning sources...
Finished scanning sources
INFO: [IP_Flow 19-234] Refreshing IP repositories
INFO: [IP_Flow 19-1704] No user IP repositories specified
INFO: [IP_Flow 19-2313] Loaded Vivado IP repository 'C:/Xilinx/Vivado/2019.1/data/ip'.
open_project: Time (s): cpu = 00:00:26 ; elapsed = 00:00:18 . Memory (MB): peak = 877.762 ; gain = 247.066
update_compile_order -fileset sources_1
exit
INFO: [Common 17-206] Exiting Vivado at Sat Nov 23 00:32:58 2019...
