#-----------------------------------------------------------
# Vivado v2019.1 (64-bit)
# SW Build 2552052 on Fri May 24 14:49:42 MDT 2019
# IP Build 2548770 on Fri May 24 18:01:18 MDT 2019
# Start of session at: Sun Dec  1 19:48:26 2019
# Process ID: 14420
# Current directory: C:/Users/Owner/OneDrive/pic/Documents/GitHub/chasebot/camera
# Command line: vivado.exe -gui_launcher_event rodinguilauncherevent5388 C:\Users\Owner\OneDrive\pic\Documents\GitHub\chasebot\camera\camera.xpr
# Log file: C:/Users/Owner/OneDrive/pic/Documents/GitHub/chasebot/camera/vivado.log
# Journal file: C:/Users/Owner/OneDrive/pic/Documents/GitHub/chasebot/camera\vivado.jou
#-----------------------------------------------------------
start_gui
open_project C:/Users/Owner/OneDrive/pic/Documents/GitHub/chasebot/camera/camera.xpr
Scanning sources...
Finished scanning sources
INFO: [IP_Flow 19-234] Refreshing IP repositories
INFO: [IP_Flow 19-1704] No user IP repositories specified
INFO: [IP_Flow 19-2313] Loaded Vivado IP repository 'C:/Xilinx/Vivado/2019.1/data/ip'.
open_project: Time (s): cpu = 00:00:25 ; elapsed = 00:00:16 . Memory (MB): peak = 893.934 ; gain = 255.848
update_compile_order -fileset sources_1
close [ open C:/Users/Owner/OneDrive/pic/Documents/GitHub/chasebot/camera/camera.srcs/sources_1/new/tracker.sv w ]
add_files C:/Users/Owner/OneDrive/pic/Documents/GitHub/chasebot/camera/camera.srcs/sources_1/new/tracker.sv
update_compile_order -fileset sources_1
update_compile_order -fileset sources_1
update_compile_order -fileset sources_1
update_compile_order -fileset sources_1
update_compile_order -fileset sources_1
reset_run impl_1
WARNING: [Vivado 12-1017] Problems encountered:
1. Couldn't access process for termination

reset_run synth_1
launch_runs impl_1 -to_step write_bitstream -jobs 4
INFO: [Vivado 12-4149] The synthesis checkpoint for IP 'C:/Users/Owner/OneDrive/pic/Documents/GitHub/chasebot/camera/camera.srcs/sources_1/ip/div_16/div_16.xci' is already up-to-date
INFO: [Vivado 12-4149] The synthesis checkpoint for IP 'C:/Users/Owner/OneDrive/pic/Documents/GitHub/chasebot/camera/camera.srcs/sources_1/ip/sqrt/sqrt.xci' is already up-to-date
[Sun Dec  1 20:28:52 2019] Launched synth_1...
Run output will be captured here: C:/Users/Owner/OneDrive/pic/Documents/GitHub/chasebot/camera/camera.runs/synth_1/runme.log
[Sun Dec  1 20:28:52 2019] Launched impl_1...
Run output will be captured here: C:/Users/Owner/OneDrive/pic/Documents/GitHub/chasebot/camera/camera.runs/impl_1/runme.log
reset_run impl_1 -prev_step 
launch_runs impl_1 -to_step write_bitstream -jobs 4
INFO: [Vivado 12-4149] The synthesis checkpoint for IP 'C:/Users/Owner/OneDrive/pic/Documents/GitHub/chasebot/camera/camera.srcs/sources_1/ip/div_16/div_16.xci' is already up-to-date
INFO: [Vivado 12-4149] The synthesis checkpoint for IP 'C:/Users/Owner/OneDrive/pic/Documents/GitHub/chasebot/camera/camera.srcs/sources_1/ip/sqrt/sqrt.xci' is already up-to-date
[Sun Dec  1 20:33:17 2019] Launched impl_1...
Run output will be captured here: C:/Users/Owner/OneDrive/pic/Documents/GitHub/chasebot/camera/camera.runs/impl_1/runme.log
open_run impl_1
INFO: [Device 21-403] Loading part xc7a100tcsg324-3
INFO: [Project 1-479] Netlist was created with Vivado 2019.1
INFO: [Project 1-570] Preparing netlist for logic optimization
INFO: [Timing 38-478] Restoring timing data from binary archive.
INFO: [Timing 38-479] Binary timing data restore complete.
INFO: [Project 1-856] Restoring constraints from binary archive.
INFO: [Project 1-853] Binary constraint restore complete.
Reading XDEF placement.
Reading placer database...
Reading XDEF routing.
Read XDEF File: Time (s): cpu = 00:00:00 ; elapsed = 00:00:00.042 . Memory (MB): peak = 1901.539 ; gain = 0.000
Restored from archive | CPU: 0.000000 secs | Memory: 0.000000 MB |
Finished XDEF File Restore: Time (s): cpu = 00:00:00 ; elapsed = 00:00:00.042 . Memory (MB): peak = 1901.539 ; gain = 0.000
Netlist sorting complete. Time (s): cpu = 00:00:00 ; elapsed = 00:00:00 . Memory (MB): peak = 1901.539 ; gain = 0.000
INFO: [Project 1-111] Unisim Transformation Summary:
No Unisim elements were transformed.

open_run: Time (s): cpu = 00:00:25 ; elapsed = 00:00:20 . Memory (MB): peak = 2206.582 ; gain = 633.785
WARNING: [Timing 38-313] There are no user specified timing constraints. Timing constraints are needed for proper timing analysis.
set_property top top_level [current_fileset]
update_compile_order -fileset sources_1
reset_run synth_1
launch_runs impl_1 -to_step write_bitstream -jobs 4
INFO: [Vivado 12-4149] The synthesis checkpoint for IP 'C:/Users/Owner/OneDrive/pic/Documents/GitHub/chasebot/camera/camera.srcs/sources_1/ip/div_16/div_16.xci' is already up-to-date
[Sun Dec  1 20:36:54 2019] Launched synth_1...
Run output will be captured here: C:/Users/Owner/OneDrive/pic/Documents/GitHub/chasebot/camera/camera.runs/synth_1/runme.log
[Sun Dec  1 20:36:54 2019] Launched impl_1...
Run output will be captured here: C:/Users/Owner/OneDrive/pic/Documents/GitHub/chasebot/camera/camera.runs/impl_1/runme.log
close_design
update_compile_order -fileset sources_1
reset_run synth_1
launch_runs impl_1 -to_step write_bitstream -jobs 4
INFO: [Vivado 12-4149] The synthesis checkpoint for IP 'C:/Users/Owner/OneDrive/pic/Documents/GitHub/chasebot/camera/camera.srcs/sources_1/ip/div_16/div_16.xci' is already up-to-date
INFO: [Vivado 12-4149] The synthesis checkpoint for IP 'C:/Users/Owner/OneDrive/pic/Documents/GitHub/chasebot/camera/camera.srcs/sources_1/ip/sqrt/sqrt.xci' is already up-to-date
[Sun Dec  1 20:42:43 2019] Launched synth_1...
Run output will be captured here: C:/Users/Owner/OneDrive/pic/Documents/GitHub/chasebot/camera/camera.runs/synth_1/runme.log
[Sun Dec  1 20:42:43 2019] Launched impl_1...
Run output will be captured here: C:/Users/Owner/OneDrive/pic/Documents/GitHub/chasebot/camera/camera.runs/impl_1/runme.log
reset_run synth_1
launch_runs impl_1 -to_step write_bitstream -jobs 4
INFO: [Vivado 12-4149] The synthesis checkpoint for IP 'C:/Users/Owner/OneDrive/pic/Documents/GitHub/chasebot/camera/camera.srcs/sources_1/ip/div_16/div_16.xci' is already up-to-date
INFO: [Vivado 12-4149] The synthesis checkpoint for IP 'C:/Users/Owner/OneDrive/pic/Documents/GitHub/chasebot/camera/camera.srcs/sources_1/ip/sqrt/sqrt.xci' is already up-to-date
[Sun Dec  1 20:43:18 2019] Launched synth_1...
Run output will be captured here: C:/Users/Owner/OneDrive/pic/Documents/GitHub/chasebot/camera/camera.runs/synth_1/runme.log
[Sun Dec  1 20:43:18 2019] Launched impl_1...
Run output will be captured here: C:/Users/Owner/OneDrive/pic/Documents/GitHub/chasebot/camera/camera.runs/impl_1/runme.log
open_hw
connect_hw_server
INFO: [Labtools 27-2285] Connecting to hw_server url TCP:localhost:3121
INFO: [Labtools 27-2222] Launching hw_server...
INFO: [Labtools 27-2221] Launch Output:

****** Xilinx hw_server v2019.1
  **** Build date : May 24 2019 at 15:13:31
    ** Copyright 1986-2019 Xilinx, Inc. All Rights Reserved.


disconnect_hw_server localhost:3121
connect_hw_server
INFO: [Labtools 27-2285] Connecting to hw_server url TCP:localhost:3121
disconnect_hw_server localhost:3121
connect_hw_server
INFO: [Labtools 27-2285] Connecting to hw_server url TCP:localhost:3121
disconnect_hw_server localhost:3121
connect_hw_server
INFO: [Labtools 27-2285] Connecting to hw_server url TCP:localhost:3121
open_hw_target
INFO: [Labtoolstcl 44-466] Opening hw_target localhost:3121/xilinx_tcf/Digilent/210292645463A
set_property PROGRAM.FILE {C:/Users/Owner/OneDrive/pic/Documents/GitHub/chasebot/camera/camera.runs/impl_1/top_level.bit} [get_hw_devices xc7a100t_0]
current_hw_device [get_hw_devices xc7a100t_0]
refresh_hw_device -update_hw_probes false [lindex [get_hw_devices xc7a100t_0] 0]
INFO: [Labtools 27-1435] Device xc7a100t (JTAG device index = 0) is not programmed (DONE status = 0).
set_property PROBES.FILE {} [get_hw_devices xc7a100t_0]
set_property FULL_PROBES.FILE {} [get_hw_devices xc7a100t_0]
set_property PROGRAM.FILE {C:/Users/Owner/OneDrive/pic/Documents/GitHub/chasebot/camera/camera.runs/impl_1/top_level.bit} [get_hw_devices xc7a100t_0]
program_hw_devices [get_hw_devices xc7a100t_0]
INFO: [Labtools 27-3164] End of startup status: HIGH
refresh_hw_device [lindex [get_hw_devices xc7a100t_0] 0]
INFO: [Labtools 27-1434] Device xc7a100t (JTAG device index = 0) is programmed with a design that has no supported debug core(s) in it.
reset_run synth_1
launch_runs impl_1 -to_step write_bitstream -jobs 4
INFO: [Vivado 12-4149] The synthesis checkpoint for IP 'C:/Users/Owner/OneDrive/pic/Documents/GitHub/chasebot/camera/camera.srcs/sources_1/ip/div_16/div_16.xci' is already up-to-date
INFO: [Vivado 12-4149] The synthesis checkpoint for IP 'C:/Users/Owner/OneDrive/pic/Documents/GitHub/chasebot/camera/camera.srcs/sources_1/ip/sqrt/sqrt.xci' is already up-to-date
[Sun Dec  1 20:54:00 2019] Launched synth_1...
Run output will be captured here: C:/Users/Owner/OneDrive/pic/Documents/GitHub/chasebot/camera/camera.runs/synth_1/runme.log
[Sun Dec  1 20:54:00 2019] Launched impl_1...
Run output will be captured here: C:/Users/Owner/OneDrive/pic/Documents/GitHub/chasebot/camera/camera.runs/impl_1/runme.log
ERROR: [Labtoolstcl 44-513] HW Target shutdown. Closing target: localhost:3121/xilinx_tcf/Digilent/210292645463A
open_run impl_1
INFO: [Netlist 29-17] Analyzing 59 Unisim elements for replacement
INFO: [Netlist 29-28] Unisim Transformation completed in 0 CPU seconds
INFO: [Project 1-479] Netlist was created with Vivado 2019.1
INFO: [Project 1-570] Preparing netlist for logic optimization
INFO: [Timing 38-478] Restoring timing data from binary archive.
INFO: [Timing 38-479] Binary timing data restore complete.
INFO: [Project 1-856] Restoring constraints from binary archive.
INFO: [Project 1-853] Binary constraint restore complete.
Reading XDEF placement.
Reading placer database...
Reading XDEF routing.
Read XDEF File: Time (s): cpu = 00:00:00 ; elapsed = 00:00:00.321 . Memory (MB): peak = 3188.555 ; gain = 0.000
Restored from archive | CPU: 0.000000 secs | Memory: 0.000000 MB |
Finished XDEF File Restore: Time (s): cpu = 00:00:00 ; elapsed = 00:00:00.322 . Memory (MB): peak = 3188.555 ; gain = 0.000
Netlist sorting complete. Time (s): cpu = 00:00:00 ; elapsed = 00:00:00.001 . Memory (MB): peak = 3188.555 ; gain = 0.000
INFO: [Project 1-111] Unisim Transformation Summary:
No Unisim elements were transformed.

reset_run synth_1
launch_runs impl_1 -to_step write_bitstream -jobs 4
INFO: [Vivado 12-4149] The synthesis checkpoint for IP 'C:/Users/Owner/OneDrive/pic/Documents/GitHub/chasebot/camera/camera.srcs/sources_1/ip/div_16/div_16.xci' is already up-to-date
INFO: [Vivado 12-4149] The synthesis checkpoint for IP 'C:/Users/Owner/OneDrive/pic/Documents/GitHub/chasebot/camera/camera.srcs/sources_1/ip/sqrt/sqrt.xci' is already up-to-date
[Sun Dec  1 21:03:42 2019] Launched synth_1...
Run output will be captured here: C:/Users/Owner/OneDrive/pic/Documents/GitHub/chasebot/camera/camera.runs/synth_1/runme.log
[Sun Dec  1 21:03:42 2019] Launched impl_1...
Run output will be captured here: C:/Users/Owner/OneDrive/pic/Documents/GitHub/chasebot/camera/camera.runs/impl_1/runme.log
close_design
open_run impl_1
INFO: [Netlist 29-17] Analyzing 59 Unisim elements for replacement
INFO: [Netlist 29-28] Unisim Transformation completed in 0 CPU seconds
INFO: [Project 1-479] Netlist was created with Vivado 2019.1
INFO: [Project 1-570] Preparing netlist for logic optimization
INFO: [Timing 38-478] Restoring timing data from binary archive.
INFO: [Timing 38-479] Binary timing data restore complete.
INFO: [Project 1-856] Restoring constraints from binary archive.
INFO: [Project 1-853] Binary constraint restore complete.
Reading XDEF placement.
Reading placer database...
Reading XDEF routing.
Read XDEF File: Time (s): cpu = 00:00:00 ; elapsed = 00:00:00.152 . Memory (MB): peak = 3215.121 ; gain = 0.000
Restored from archive | CPU: 0.000000 secs | Memory: 0.000000 MB |
Finished XDEF File Restore: Time (s): cpu = 00:00:00 ; elapsed = 00:00:00.152 . Memory (MB): peak = 3215.121 ; gain = 0.000
Netlist sorting complete. Time (s): cpu = 00:00:00 ; elapsed = 00:00:00.001 . Memory (MB): peak = 3215.121 ; gain = 0.000
INFO: [Project 1-111] Unisim Transformation Summary:
No Unisim elements were transformed.

disconnect_hw_server localhost:3121
connect_hw_server
INFO: [Labtools 27-2285] Connecting to hw_server url TCP:localhost:3121
ERROR: [Labtoolstcl 44-494] There is no active target available for server at localhost.
 Targets(s) ", jsn-Nexys4DDR-210292645463A" may be locked by another hw_server.
disconnect_hw_server localhost:3121
connect_hw_server
INFO: [Labtools 27-2285] Connecting to hw_server url TCP:localhost:3121
open_hw_target
INFO: [Labtoolstcl 44-466] Opening hw_target localhost:3121/xilinx_tcf/Digilent/210292645463A
set_property PROGRAM.FILE {C:/Users/Owner/OneDrive/pic/Documents/GitHub/chasebot/camera/camera.runs/impl_1/top_level.bit} [get_hw_devices xc7a100t_0]
current_hw_device [get_hw_devices xc7a100t_0]
refresh_hw_device -update_hw_probes false [lindex [get_hw_devices xc7a100t_0] 0]
INFO: [Labtools 27-1434] Device xc7a100t (JTAG device index = 0) is programmed with a design that has no supported debug core(s) in it.
set_property PROBES.FILE {} [get_hw_devices xc7a100t_0]
set_property FULL_PROBES.FILE {} [get_hw_devices xc7a100t_0]
set_property PROGRAM.FILE {C:/Users/Owner/OneDrive/pic/Documents/GitHub/chasebot/camera/camera.runs/impl_1/top_level.bit} [get_hw_devices xc7a100t_0]
program_hw_devices [get_hw_devices xc7a100t_0]
INFO: [Labtools 27-3164] End of startup status: HIGH
refresh_hw_device [lindex [get_hw_devices xc7a100t_0] 0]
INFO: [Labtools 27-1434] Device xc7a100t (JTAG device index = 0) is programmed with a design that has no supported debug core(s) in it.
set_property PROBES.FILE {} [get_hw_devices xc7a100t_0]
set_property FULL_PROBES.FILE {} [get_hw_devices xc7a100t_0]
set_property PROGRAM.FILE {C:/Users/Owner/OneDrive/pic/Documents/GitHub/chasebot/camera/camera.runs/impl_1/top_level.bit} [get_hw_devices xc7a100t_0]
program_hw_devices [get_hw_devices xc7a100t_0]
INFO: [Labtools 27-3164] End of startup status: HIGH
refresh_hw_device [lindex [get_hw_devices xc7a100t_0] 0]
INFO: [Labtools 27-1434] Device xc7a100t (JTAG device index = 0) is programmed with a design that has no supported debug core(s) in it.
reset_run synth_1
launch_runs impl_1 -to_step write_bitstream -jobs 4
INFO: [Vivado 12-4149] The synthesis checkpoint for IP 'C:/Users/Owner/OneDrive/pic/Documents/GitHub/chasebot/camera/camera.srcs/sources_1/ip/div_16/div_16.xci' is already up-to-date
INFO: [Vivado 12-4149] The synthesis checkpoint for IP 'C:/Users/Owner/OneDrive/pic/Documents/GitHub/chasebot/camera/camera.srcs/sources_1/ip/sqrt/sqrt.xci' is already up-to-date
[Sun Dec  1 21:10:48 2019] Launched synth_1...
Run output will be captured here: C:/Users/Owner/OneDrive/pic/Documents/GitHub/chasebot/camera/camera.runs/synth_1/runme.log
[Sun Dec  1 21:10:48 2019] Launched impl_1...
Run output will be captured here: C:/Users/Owner/OneDrive/pic/Documents/GitHub/chasebot/camera/camera.runs/impl_1/runme.log
set_property PROBES.FILE {} [get_hw_devices xc7a100t_0]
set_property FULL_PROBES.FILE {} [get_hw_devices xc7a100t_0]
set_property PROGRAM.FILE {C:/Users/Owner/OneDrive/pic/Documents/GitHub/chasebot/camera/camera.runs/impl_1/top_level.bit} [get_hw_devices xc7a100t_0]
program_hw_devices [get_hw_devices xc7a100t_0]
INFO: [Labtools 27-3164] End of startup status: HIGH
refresh_hw_device [lindex [get_hw_devices xc7a100t_0] 0]
INFO: [Labtools 27-1434] Device xc7a100t (JTAG device index = 0) is programmed with a design that has no supported debug core(s) in it.
reset_run synth_1
launch_runs impl_1 -to_step write_bitstream -jobs 4
INFO: [Vivado 12-4149] The synthesis checkpoint for IP 'C:/Users/Owner/OneDrive/pic/Documents/GitHub/chasebot/camera/camera.srcs/sources_1/ip/div_16/div_16.xci' is already up-to-date
INFO: [Vivado 12-4149] The synthesis checkpoint for IP 'C:/Users/Owner/OneDrive/pic/Documents/GitHub/chasebot/camera/camera.srcs/sources_1/ip/sqrt/sqrt.xci' is already up-to-date
[Sun Dec  1 21:19:22 2019] Launched synth_1...
Run output will be captured here: C:/Users/Owner/OneDrive/pic/Documents/GitHub/chasebot/camera/camera.runs/synth_1/runme.log
[Sun Dec  1 21:19:22 2019] Launched impl_1...
Run output will be captured here: C:/Users/Owner/OneDrive/pic/Documents/GitHub/chasebot/camera/camera.runs/impl_1/runme.log
set_property PROBES.FILE {} [get_hw_devices xc7a100t_0]
set_property FULL_PROBES.FILE {} [get_hw_devices xc7a100t_0]
set_property PROGRAM.FILE {C:/Users/Owner/OneDrive/pic/Documents/GitHub/chasebot/camera/camera.runs/impl_1/top_level.bit} [get_hw_devices xc7a100t_0]
program_hw_devices [get_hw_devices xc7a100t_0]
INFO: [Labtools 27-3164] End of startup status: HIGH
refresh_hw_device [lindex [get_hw_devices xc7a100t_0] 0]
INFO: [Labtools 27-1434] Device xc7a100t (JTAG device index = 0) is programmed with a design that has no supported debug core(s) in it.
ERROR: [Labtoolstcl 44-513] HW Target shutdown. Closing target: localhost:3121/xilinx_tcf/Digilent/210292645463A
reset_run synth_1
launch_runs impl_1 -to_step write_bitstream -jobs 4
INFO: [Vivado 12-4149] The synthesis checkpoint for IP 'C:/Users/Owner/OneDrive/pic/Documents/GitHub/chasebot/camera/camera.srcs/sources_1/ip/div_16/div_16.xci' is already up-to-date
INFO: [Vivado 12-4149] The synthesis checkpoint for IP 'C:/Users/Owner/OneDrive/pic/Documents/GitHub/chasebot/camera/camera.srcs/sources_1/ip/sqrt/sqrt.xci' is already up-to-date
[Sun Dec  1 21:33:33 2019] Launched synth_1...
Run output will be captured here: C:/Users/Owner/OneDrive/pic/Documents/GitHub/chasebot/camera/camera.runs/synth_1/runme.log
[Sun Dec  1 21:33:33 2019] Launched impl_1...
Run output will be captured here: C:/Users/Owner/OneDrive/pic/Documents/GitHub/chasebot/camera/camera.runs/impl_1/runme.log
disconnect_hw_server localhost:3121
connect_hw_server
INFO: [Labtools 27-2285] Connecting to hw_server url TCP:localhost:3121
ERROR: [Labtoolstcl 44-494] There is no active target available for server at localhost.
 Targets(s) ", jsn-Nexys4DDR-210292645463A" may be locked by another hw_server.
disconnect_hw_server localhost:3121
connect_hw_server
INFO: [Labtools 27-2285] Connecting to hw_server url TCP:localhost:3121
open_hw_target
INFO: [Labtoolstcl 44-466] Opening hw_target localhost:3121/xilinx_tcf/Digilent/210292645463A
set_property PROGRAM.FILE {C:/Users/Owner/OneDrive/pic/Documents/GitHub/chasebot/camera/camera.runs/impl_1/top_level.bit} [get_hw_devices xc7a100t_0]
current_hw_device [get_hw_devices xc7a100t_0]
refresh_hw_device -update_hw_probes false [lindex [get_hw_devices xc7a100t_0] 0]
INFO: [Labtools 27-1435] Device xc7a100t (JTAG device index = 0) is not programmed (DONE status = 0).
set_property PROBES.FILE {} [get_hw_devices xc7a100t_0]
set_property FULL_PROBES.FILE {} [get_hw_devices xc7a100t_0]
set_property PROGRAM.FILE {C:/Users/Owner/OneDrive/pic/Documents/GitHub/chasebot/camera/camera.runs/impl_1/top_level.bit} [get_hw_devices xc7a100t_0]
program_hw_devices [get_hw_devices xc7a100t_0]
INFO: [Labtools 27-3164] End of startup status: HIGH
refresh_hw_device [lindex [get_hw_devices xc7a100t_0] 0]
INFO: [Labtools 27-1434] Device xc7a100t (JTAG device index = 0) is programmed with a design that has no supported debug core(s) in it.
ERROR: [Labtoolstcl 44-513] HW Target shutdown. Closing target: localhost:3121/xilinx_tcf/Digilent/210292645463A
